#
# There is insufficient memory for the Java Runtime Environment to continue.
# Native memory allocation (malloc) failed to allocate 1130320 bytes for Chunk::new
# Possible reasons:
#   The system is out of physical RAM or swap space
#   In 32 bit mode, the process size limit was hit
# Possible solutions:
#   Reduce memory load on the system
#   Increase physical memory or swap space
#   Check if swap backing store is full
#   Use 64 bit Java on a 64 bit OS
#   Decrease Java heap size (-Xmx/-Xms)
#   Decrease number of Java threads
#   Decrease Java thread stack sizes (-Xss)
#   Set larger code cache with -XX:ReservedCodeCacheSize=
# This output file may be truncated or incomplete.
#
#  Out of Memory Error (allocation.cpp:390), pid=4312, tid=0x00000000000018ac
#
# JRE version: Java(TM) SE Runtime Environment (8.0_121-b13) (build 1.8.0_121-b13)
# Java VM: Java HotSpot(TM) 64-Bit Server VM (25.121-b13 mixed mode windows-amd64 compressed oops)
# Failed to write core dump. Minidumps are not enabled by default on client versions of Windows
#

---------------  T H R E A D  ---------------

Current thread (0x000000001774f000):  JavaThread "C2 CompilerThread0" daemon [_thread_in_native, id=6316, stack(0x0000000018da0000,0x0000000018ea0000)]

Stack: [0x0000000018da0000,0x0000000018ea0000]
[error occurred during error reporting (printing stack bounds), id 0xc0000005]

Native frames: (J=compiled Java code, j=interpreted, Vv=VM code, C=native code)


Current CompileTask:
C2:   5889 2635       4       java.util.Arrays::binarySearch0 (95 bytes)


---------------  P R O C E S S  ---------------

Java Threads: ( => current thread )
  0x00000000204f4000 JavaThread "File lock request listener" [_thread_in_native, id=10956, stack(0x000000001e610000,0x000000001e710000)]
  0x000000001a328000 JavaThread "Stdin handler" [_thread_blocked, id=4468, stack(0x000000001bf70000,0x000000001c070000)]
  0x000000001a166000 JavaThread "Asynchronous log dispatcher for org.gradle.launcher.daemon.server.DefaultDaemonConnection@7657503d" [_thread_blocked, id=6196, stack(0x000000001be70000,0x000000001bf70000)]
  0x000000001a174800 JavaThread "Daemon worker" [_thread_in_Java, id=13896, stack(0x000000001bd70000,0x000000001be70000)]
  0x000000001a171800 JavaThread "Cancel handler" [_thread_blocked, id=14448, stack(0x000000001bc70000,0x000000001bd70000)]
  0x000000001a155000 JavaThread "Handler for socket connection from /127.0.0.1:63904 to /127.0.0.1:63905" [_thread_in_native, id=4956, stack(0x000000001bb70000,0x000000001bc70000)]
  0x000000001a154800 JavaThread "Daemon" [_thread_blocked, id=17548, stack(0x000000001ba70000,0x000000001bb70000)]
  0x000000001a5b5800 JavaThread "Incoming local TCP Connector on port 63904" [_thread_in_native, id=16632, stack(0x000000001b380000,0x000000001b480000)]
  0x000000001a2c1800 JavaThread "pool-1-thread-1" [_thread_blocked, id=15568, stack(0x000000001b280000,0x000000001b380000)]
  0x00000000190c5800 JavaThread "Service Thread" daemon [_thread_blocked, id=12620, stack(0x00000000194a0000,0x00000000195a0000)]
  0x00000000177ae800 JavaThread "C1 CompilerThread2" daemon [_thread_blocked, id=7176, stack(0x0000000018fa0000,0x00000000190a0000)]
  0x000000001778d800 JavaThread "C2 CompilerThread1" daemon [_thread_in_native, id=9788, stack(0x0000000018ea0000,0x0000000018fa0000)]
=>0x000000001774f000 JavaThread "C2 CompilerThread0" daemon [_thread_in_native, id=6316, stack(0x0000000018da0000,0x0000000018ea0000)]
  0x000000001774d000 JavaThread "Attach Listener" daemon [_thread_blocked, id=2228, stack(0x0000000018ca0000,0x0000000018da0000)]
  0x0000000017749800 JavaThread "Signal Dispatcher" daemon [_thread_blocked, id=15916, stack(0x0000000018ba0000,0x0000000018ca0000)]
  0x000000001773a800 JavaThread "Finalizer" daemon [_thread_blocked, id=16128, stack(0x00000000189b0000,0x0000000018ab0000)]
  0x0000000017719000 JavaThread "Reference Handler" daemon [_thread_blocked, id=12680, stack(0x00000000188b0000,0x00000000189b0000)]
  0x0000000002a31000 JavaThread "main" [_thread_blocked, id=12416, stack(0x0000000002930000,0x0000000002a30000)]

Other Threads:
  0x0000000017717000 VMThread [stack: 0x00000000187b0000,0x00000000188b0000] [id=4484]
  0x00000000190cd000 WatcherThread [stack: 0x00000000195a0000,0x00000000196a0000] [id=7196]

VM state:not at safepoint (normal execution)

VM Mutex/Monitor currently owned by a thread: None

Heap:
 PSYoungGen      total 66560K, used 58052K [0x00000000d5580000, 0x00000000dc000000, 0x0000000100000000)
  eden space 61440K, 86% used [0x00000000d5580000,0x00000000d8933300,0x00000000d9180000)
  from space 5120K, 99% used [0x00000000d9b80000,0x00000000da07dfa0,0x00000000da080000)
  to   space 10240K, 0% used [0x00000000d9180000,0x00000000d9180000,0x00000000d9b80000)
 ParOldGen       total 68608K, used 16069K [0x0000000080000000, 0x0000000084300000, 0x00000000d5580000)
  object space 68608K, 23% used [0x0000000080000000,0x0000000080fb1480,0x0000000084300000)
 Metaspace       used 34463K, capacity 34976K, committed 35328K, reserved 1079296K
  class space    used 4702K, capacity 4856K, committed 4864K, reserved 1048576K

Card table byte_map: [0x0000000011ef0000,0x0000000012300000] byte_map_base: 0x0000000011af0000

Marking Bits: (ParMarkBitMap*) 0x0000000056ecb6d0
 Begin Bits: [0x00000000129b0000, 0x00000000149b0000)
 End Bits:   [0x00000000149b0000, 0x00000000169b0000)

Polling page: 0x0000000000fd0000

CodeCache: size=245760Kb used=11384Kb max_used=11384Kb free=234375Kb
 bounds [0x0000000002b30000, 0x0000000003660000, 0x0000000011b30000]
 total_blobs=3972 nmethods=3296 adapters=588
 compilation: enabled

Compilation events (10 events):
Event: 5.882 Thread 0x00000000177ae800 3325       2       java.io.ByteArrayOutputStream::<init> (7 bytes)
Event: 5.882 Thread 0x00000000177ae800 nmethod 3325 0x000000000364f750 code [0x000000000364f8c0, 0x000000000364fa48]
Event: 5.883 Thread 0x00000000177ae800 3327       2       sun.security.util.DerInputStream::getLength (243 bytes)
Event: 5.884 Thread 0x00000000177ae800 nmethod 3327 0x000000000364fad0 code [0x000000000364fdc0, 0x0000000003650c18]
Event: 5.884 Thread 0x00000000177ae800 3330 %     3       java.util.HashMap::resize @ 154 (359 bytes)
Event: 5.885 Thread 0x00000000177ae800 nmethod 3330% 0x0000000003651610 code [0x0000000003651880, 0x0000000003652b88]
Event: 5.885 Thread 0x00000000177ae800 3329       2       java.lang.ThreadLocal::get (38 bytes)
Event: 5.885 Thread 0x00000000177ae800 nmethod 3329 0x0000000003653450 code [0x00000000036535e0, 0x00000000036537e8]
Event: 5.885 Thread 0x00000000177ae800 3328       2       sun.security.util.DerInputStream::available (8 bytes)
Event: 5.885 Thread 0x00000000177ae800 nmethod 3328 0x0000000003653950 code [0x0000000003653aa0, 0x0000000003653d90]

GC Heap History (10 events):
Event: 2.089 GC heap before
{Heap before GC invocations=3 (full 0):
 PSYoungGen      total 38400K, used 38396K [0x00000000d5580000, 0x00000000d8000000, 0x0000000100000000)
  eden space 33280K, 100% used [0x00000000d5580000,0x00000000d7600000,0x00000000d7600000)
  from space 5120K, 99% used [0x00000000d7b00000,0x00000000d7fff100,0x00000000d8000000)
  to   space 5120K, 0% used [0x00000000d7600000,0x00000000d7600000,0x00000000d7b00000)
 ParOldGen       total 87552K, used 868K [0x0000000080000000, 0x0000000085580000, 0x00000000d5580000)
  object space 87552K, 0% used [0x0000000080000000,0x00000000800d9378,0x0000000085580000)
 Metaspace       used 18554K, capacity 18848K, committed 19072K, reserved 1064960K
  class space    used 2541K, capacity 2643K, committed 2688K, reserved 1048576K
Event: 2.102 GC heap after
Heap after GC invocations=3 (full 0):
 PSYoungGen      total 38400K, used 5088K [0x00000000d5580000, 0x00000000da080000, 0x0000000100000000)
  eden space 33280K, 0% used [0x00000000d5580000,0x00000000d5580000,0x00000000d7600000)
  from space 5120K, 99% used [0x00000000d7600000,0x00000000d7af8020,0x00000000d7b00000)
  to   space 5120K, 0% used [0x00000000d9b80000,0x00000000d9b80000,0x00000000da080000)
 ParOldGen       total 87552K, used 5197K [0x0000000080000000, 0x0000000085580000, 0x00000000d5580000)
  object space 87552K, 5% used [0x0000000080000000,0x0000000080513438,0x0000000085580000)
 Metaspace       used 18554K, capacity 18848K, committed 19072K, reserved 1064960K
  class space    used 2541K, capacity 2643K, committed 2688K, reserved 1048576K
}
Event: 2.371 GC heap before
{Heap before GC invocations=4 (full 0):
 PSYoungGen      total 38400K, used 24761K [0x00000000d5580000, 0x00000000da080000, 0x0000000100000000)
  eden space 33280K, 59% used [0x00000000d5580000,0x00000000d68b66a0,0x00000000d7600000)
  from space 5120K, 99% used [0x00000000d7600000,0x00000000d7af8020,0x00000000d7b00000)
  to   space 5120K, 0% used [0x00000000d9b80000,0x00000000d9b80000,0x00000000da080000)
 ParOldGen       total 87552K, used 5197K [0x0000000080000000, 0x0000000085580000, 0x00000000d5580000)
  object space 87552K, 5% used [0x0000000080000000,0x0000000080513438,0x0000000085580000)
 Metaspace       used 20784K, capacity 21126K, committed 21296K, reserved 1067008K
  class space    used 2809K, capacity 2932K, committed 2944K, reserved 1048576K
Event: 2.382 GC heap after
Heap after GC invocations=4 (full 0):
 PSYoungGen      total 71680K, used 5120K [0x00000000d5580000, 0x00000000da080000, 0x0000000100000000)
  eden space 66560K, 0% used [0x00000000d5580000,0x00000000d5580000,0x00000000d9680000)
  from space 5120K, 100% used [0x00000000d9b80000,0x00000000da080000,0x00000000da080000)
  to   space 5120K, 0% used [0x00000000d9680000,0x00000000d9680000,0x00000000d9b80000)
 ParOldGen       total 87552K, used 7434K [0x0000000080000000, 0x0000000085580000, 0x00000000d5580000)
  object space 87552K, 8% used [0x0000000080000000,0x00000000807429d8,0x0000000085580000)
 Metaspace       used 20784K, capacity 21126K, committed 21296K, reserved 1067008K
  class space    used 2809K, capacity 2932K, committed 2944K, reserved 1048576K
}
Event: 2.382 GC heap before
{Heap before GC invocations=5 (full 1):
 PSYoungGen      total 71680K, used 5120K [0x00000000d5580000, 0x00000000da080000, 0x0000000100000000)
  eden space 66560K, 0% used [0x00000000d5580000,0x00000000d5580000,0x00000000d9680000)
  from space 5120K, 100% used [0x00000000d9b80000,0x00000000da080000,0x00000000da080000)
  to   space 5120K, 0% used [0x00000000d9680000,0x00000000d9680000,0x00000000d9b80000)
 ParOldGen       total 87552K, used 7434K [0x0000000080000000, 0x0000000085580000, 0x00000000d5580000)
  object space 87552K, 8% used [0x0000000080000000,0x00000000807429d8,0x0000000085580000)
 Metaspace       used 20784K, capacity 21126K, committed 21296K, reserved 1067008K
  class space    used 2809K, capacity 2932K, committed 2944K, reserved 1048576K
Event: 2.449 GC heap after
Heap after GC invocations=5 (full 1):
 PSYoungGen      total 71680K, used 0K [0x00000000d5580000, 0x00000000da080000, 0x0000000100000000)
  eden space 66560K, 0% used [0x00000000d5580000,0x00000000d5580000,0x00000000d9680000)
  from space 5120K, 0% used [0x00000000d9b80000,0x00000000d9b80000,0x00000000da080000)
  to   space 5120K, 0% used [0x00000000d9680000,0x00000000d9680000,0x00000000d9b80000)
 ParOldGen       total 68608K, used 10637K [0x0000000080000000, 0x0000000084300000, 0x00000000d5580000)
  object space 68608K, 15% used [0x0000000080000000,0x0000000080a63510,0x0000000084300000)
 Metaspace       used 20784K, capacity 21126K, committed 21296K, reserved 1067008K
  class space    used 2809K, capacity 2932K, committed 2944K, reserved 1048576K
}
Event: 3.500 GC heap before
{Heap before GC invocations=6 (full 1):
 PSYoungGen      total 71680K, used 66560K [0x00000000d5580000, 0x00000000da080000, 0x0000000100000000)
  eden space 66560K, 100% used [0x00000000d5580000,0x00000000d9680000,0x00000000d9680000)
  from space 5120K, 0% used [0x00000000d9b80000,0x00000000d9b80000,0x00000000da080000)
  to   space 5120K, 0% used [0x00000000d9680000,0x00000000d9680000,0x00000000d9b80000)
 ParOldGen       total 68608K, used 10637K [0x0000000080000000, 0x0000000084300000, 0x00000000d5580000)
  object space 68608K, 15% used [0x0000000080000000,0x0000000080a63530,0x0000000084300000)
 Metaspace       used 26226K, capacity 26668K, committed 27008K, reserved 1073152K
  class space    used 3696K, capacity 3882K, committed 3968K, reserved 1048576K
Event: 3.508 GC heap after
Heap after GC invocations=6 (full 1):
 PSYoungGen      total 71680K, used 5103K [0x00000000d5580000, 0x00000000da080000, 0x0000000100000000)
  eden space 66560K, 0% used [0x00000000d5580000,0x00000000d5580000,0x00000000d9680000)
  from space 5120K, 99% used [0x00000000d9680000,0x00000000d9b7bed0,0x00000000d9b80000)
  to   space 5120K, 0% used [0x00000000d9b80000,0x00000000d9b80000,0x00000000da080000)
 ParOldGen       total 68608K, used 12824K [0x0000000080000000, 0x0000000084300000, 0x00000000d5580000)
  object space 68608K, 18% used [0x0000000080000000,0x0000000080c860f0,0x0000000084300000)
 Metaspace       used 26226K, capacity 26668K, committed 27008K, reserved 1073152K
  class space    used 3696K, capacity 3882K, committed 3968K, reserved 1048576K
}
Event: 5.434 GC heap before
{Heap before GC invocations=7 (full 1):
 PSYoungGen      total 71680K, used 71663K [0x00000000d5580000, 0x00000000da080000, 0x0000000100000000)
  eden space 66560K, 100% used [0x00000000d5580000,0x00000000d9680000,0x00000000d9680000)
  from space 5120K, 99% used [0x00000000d9680000,0x00000000d9b7bed0,0x00000000d9b80000)
  to   space 5120K, 0% used [0x00000000d9b80000,0x00000000d9b80000,0x00000000da080000)
 ParOldGen       total 68608K, used 12831K [0x0000000080000000, 0x0000000084300000, 0x00000000d5580000)
  object space 68608K, 18% used [0x0000000080000000,0x0000000080c87dd0,0x0000000084300000)
 Metaspace       used 31129K, capacity 31734K, committed 32128K, reserved 1077248K
  class space    used 4286K, capacity 4465K, committed 4480K, reserved 1048576K
Event: 5.445 GC heap after
Heap after GC invocations=7 (full 1):
 PSYoungGen      total 66560K, used 5111K [0x00000000d5580000, 0x00000000dc000000, 0x0000000100000000)
  eden space 61440K, 0% used [0x00000000d5580000,0x00000000d5580000,0x00000000d9180000)
  from space 5120K, 99% used [0x00000000d9b80000,0x00000000da07dfa0,0x00000000da080000)
  to   space 10240K, 0% used [0x00000000d9180000,0x00000000d9180000,0x00000000d9b80000)
 ParOldGen       total 68608K, used 16069K [0x0000000080000000, 0x0000000084300000, 0x00000000d5580000)
  object space 68608K, 23% used [0x0000000080000000,0x0000000080fb1480,0x0000000084300000)
 Metaspace       used 31129K, capacity 31734K, committed 32128K, reserved 1077248K
  class space    used 4286K, capacity 4465K, committed 4480K, reserved 1048576K
}

Deoptimization events (10 events):
Event: 5.544 Thread 0x000000001a174800 Uncommon trap: reason=unstable_if action=reinterpret pc=0x00000000032daf1c method=java.util.HashMap.putVal(ILjava/lang/Object;Ljava/lang/Object;ZZ)Ljava/lang/Object; @ 162
Event: 5.545 Thread 0x000000001a174800 Uncommon trap: reason=unstable_if action=reinterpret pc=0x00000000032c0c34 method=java.util.HashMap.putVal(ILjava/lang/Object;Ljava/lang/Object;ZZ)Ljava/lang/Object; @ 162
Event: 5.545 Thread 0x000000001a174800 Uncommon trap: reason=unstable_if action=reinterpret pc=0x00000000032c001c method=java.util.HashMap.putVal(ILjava/lang/Object;Ljava/lang/Object;ZZ)Ljava/lang/Object; @ 162
Event: 5.545 Thread 0x000000001a174800 Uncommon trap: reason=unstable_if action=reinterpret pc=0x0000000002e09cd8 method=java.util.HashMap.resize()[Ljava/util/HashMap$Node; @ 206
Event: 5.810 Thread 0x000000001a174800 Uncommon trap: reason=bimorphic action=maybe_recompile pc=0x00000000032f6f54 method=java.util.regex.Pattern$Start.match(Ljava/util/regex/Matcher;ILjava/lang/CharSequence;)Z @ 44
Event: 5.822 Thread 0x000000001a174800 Uncommon trap: reason=bimorphic action=maybe_recompile pc=0x00000000032f6f54 method=java.util.regex.Pattern$Start.match(Ljava/util/regex/Matcher;ILjava/lang/CharSequence;)Z @ 44
Event: 5.822 Thread 0x000000001a174800 Uncommon trap: reason=bimorphic action=maybe_recompile pc=0x00000000032f6f54 method=java.util.regex.Pattern$Start.match(Ljava/util/regex/Matcher;ILjava/lang/CharSequence;)Z @ 44
Event: 5.824 Thread 0x000000001a174800 Uncommon trap: reason=bimorphic action=maybe_recompile pc=0x00000000032f6f54 method=java.util.regex.Pattern$Start.match(Ljava/util/regex/Matcher;ILjava/lang/CharSequence;)Z @ 44
Event: 5.868 Thread 0x000000001a174800 Uncommon trap: reason=unstable_if action=reinterpret pc=0x000000000348b128 method=java.lang.ThreadLocal.get()Ljava/lang/Object; @ 11
Event: 5.886 Thread 0x000000001a174800 Uncommon trap: reason=unstable_if action=reinterpret pc=0x00000000031ef3bc method=java.lang.CharacterDataLatin1.isWhitespace(I)Z @ 14

Internal exceptions (10 events):
Event: 5.199 Thread 0x000000001a174800 Exception <a 'java/lang/ClassNotFoundException': org/gradle/api/internal/project/DefaultProject_DecoratedCustomizer> (0x00000000d82fedc0) thrown at [C:\re\workspace\8-2-build-windows-amd64-cygwin\jdk8u121\8372\hotspot\src\share\vm\classfile\systemDictiona
Event: 5.424 Thread 0x000000001a174800 Exception <a 'java/lang/ClassNotFoundException': org/gradle/api/plugins/BasePluginConventionBeanInfo> (0x00000000d9572c88) thrown at [C:\re\workspace\8-2-build-windows-amd64-cygwin\jdk8u121\8372\hotspot\src\share\vm\classfile\systemDictionary.cpp, line 21
Event: 5.425 Thread 0x000000001a174800 Exception <a 'java/lang/ClassNotFoundException': org/gradle/api/plugins/BasePluginConventionCustomizer> (0x00000000d95a4c38) thrown at [C:\re\workspace\8-2-build-windows-amd64-cygwin\jdk8u121\8372\hotspot\src\share\vm\classfile\systemDictionary.cpp, line 
Event: 5.676 Thread 0x000000001a174800 Exception <a 'java/lang/ClassNotFoundException': org/gradle/api/plugins/JavaPluginConventionBeanInfo> (0x00000000d772b3f8) thrown at [C:\re\workspace\8-2-build-windows-amd64-cygwin\jdk8u121\8372\hotspot\src\share\vm\classfile\systemDictionary.cpp, line 21
Event: 5.676 Thread 0x000000001a174800 Exception <a 'java/lang/ClassNotFoundException': org/gradle/api/plugins/JavaPluginConventionCustomizer> (0x00000000d775d130) thrown at [C:\re\workspace\8-2-build-windows-amd64-cygwin\jdk8u121\8372\hotspot\src\share\vm\classfile\systemDictionary.cpp, line 
Event: 5.815 Thread 0x000000001a174800 Exception <a 'java/lang/ClassNotFoundException': com/android/build/gradle/internal/api/DefaultAndroidSourceSet_DecoratedBeanInfo> (0x00000000d824b128) thrown at [C:\re\workspace\8-2-build-windows-amd64-cygwin\jdk8u121\8372\hotspot\src\share\vm\classfile\s
Event: 5.816 Thread 0x000000001a174800 Exception <a 'java/lang/ClassNotFoundException': com/android/build/gradle/internal/api/DefaultAndroidSourceSetBeanInfo> (0x00000000d825f7d0) thrown at [C:\re\workspace\8-2-build-windows-amd64-cygwin\jdk8u121\8372\hotspot\src\share\vm\classfile\systemDicti
Event: 5.816 Thread 0x000000001a174800 Exception <a 'java/lang/ClassNotFoundException': com/android/build/gradle/internal/api/DefaultAndroidSourceSetCustomizer> (0x00000000d82741e8) thrown at [C:\re\workspace\8-2-build-windows-amd64-cygwin\jdk8u121\8372\hotspot\src\share\vm\classfile\systemDic
Event: 5.817 Thread 0x000000001a174800 Exception <a 'java/lang/ClassNotFoundException': com/android/build/gradle/internal/api/DefaultAndroidSourceSet_DecoratedCustomizer> (0x00000000d82c7178) thrown at [C:\re\workspace\8-2-build-windows-amd64-cygwin\jdk8u121\8372\hotspot\src\share\vm\classfile
Event: 5.868 Thread 0x000000001a174800 Implicit null exception at 0x000000000348afa8 to 0x000000000348b119

Events (10 events):
Event: 5.886 loading class sun/text/normalizer/NormalizerBase
Event: 5.886 loading class sun/text/normalizer/NormalizerBase done
Event: 5.887 loading class sun/text/normalizer/NormalizerBase$Mode
Event: 5.887 loading class sun/text/normalizer/NormalizerBase$Mode done
Event: 5.887 loading class sun/text/normalizer/NormalizerBase$NFDMode
Event: 5.887 loading class sun/text/normalizer/NormalizerBase$NFDMode done
Event: 5.887 loading class sun/text/normalizer/NormalizerBase$NFKDMode
Event: 5.887 loading class sun/text/normalizer/NormalizerBase$NFKDMode done
Event: 5.887 loading class sun/text/normalizer/NormalizerBase$NFCMode
Event: 5.887 loading class sun/text/normalizer/NormalizerBase$NFCMode done


Dynamic libraries:
0x00007ff6a6570000 - 0x00007ff6a65a7000 	C:\Program Files\Java\jdk1.8.0_121\bin\java.exe
0x00007ff87ba60000 - 0x00007ff87bc31000 	C:\WINDOWS\SYSTEM32\ntdll.dll
0x00007ff87a730000 - 0x00007ff87a7dc000 	C:\WINDOWS\System32\KERNEL32.DLL
0x00007ff878050000 - 0x00007ff87826d000 	C:\WINDOWS\System32\KERNELBASE.dll
0x00007ff87a660000 - 0x00007ff87a702000 	C:\WINDOWS\System32\ADVAPI32.dll
0x00007ff87a8f0000 - 0x00007ff87a98e000 	C:\WINDOWS\System32\msvcrt.dll
0x00007ff87ad60000 - 0x00007ff87adb9000 	C:\WINDOWS\System32\sechost.dll
0x00007ff87ac30000 - 0x00007ff87ad51000 	C:\WINDOWS\System32\RPCRT4.dll
0x00007ff87b8f0000 - 0x00007ff87ba55000 	C:\WINDOWS\System32\USER32.dll
0x00007ff878ec0000 - 0x00007ff878ede000 	C:\WINDOWS\System32\win32u.dll
0x00007ff87aa60000 - 0x00007ff87aa94000 	C:\WINDOWS\System32\GDI32.dll
0x00007ff8789b0000 - 0x00007ff878b32000 	C:\WINDOWS\System32\gdi32full.dll
0x00007ff8689f0000 - 0x00007ff868c6a000 	C:\WINDOWS\WinSxS\amd64_microsoft.windows.common-controls_6595b64144ccf1df_6.0.14393.953_none_42151e83c686086b\COMCTL32.dll
0x00007ff87ae20000 - 0x00007ff87b0e8000 	C:\WINDOWS\System32\combase.dll
0x00007ff878b40000 - 0x00007ff878c35000 	C:\WINDOWS\System32\ucrtbase.dll
0x00007ff878ee0000 - 0x00007ff878f4a000 	C:\WINDOWS\System32\bcryptPrimitives.dll
0x00007ff87aaa0000 - 0x00007ff87aace000 	C:\WINDOWS\System32\IMM32.DLL
0x0000000056f50000 - 0x0000000057022000 	C:\Program Files\Java\jdk1.8.0_121\jre\bin\msvcr100.dll
0x00000000566b0000 - 0x0000000056f4b000 	C:\Program Files\Java\jdk1.8.0_121\jre\bin\server\jvm.dll
0x00007ff87a710000 - 0x00007ff87a718000 	C:\WINDOWS\System32\PSAPI.DLL
0x00007ff875ed0000 - 0x00007ff875ef3000 	C:\WINDOWS\SYSTEM32\WINMM.dll
0x00007ff875fa0000 - 0x00007ff875fa9000 	C:\WINDOWS\SYSTEM32\WSOCK32.dll
0x00007ff87a880000 - 0x00007ff87a8ea000 	C:\WINDOWS\System32\WS2_32.dll
0x00007ff86c150000 - 0x00007ff86c15a000 	C:\WINDOWS\SYSTEM32\VERSION.dll
0x00007ff875ea0000 - 0x00007ff875ecb000 	C:\WINDOWS\SYSTEM32\WINMMBASE.dll
0x00007ff878000000 - 0x00007ff878042000 	C:\WINDOWS\System32\cfgmgr32.dll
0x00000000566a0000 - 0x00000000566af000 	C:\Program Files\Java\jdk1.8.0_121\jre\bin\verify.dll
0x0000000056670000 - 0x0000000056699000 	C:\Program Files\Java\jdk1.8.0_121\jre\bin\java.dll
0x0000000056650000 - 0x0000000056666000 	C:\Program Files\Java\jdk1.8.0_121\jre\bin\zip.dll
0x00007ff878ff0000 - 0x00007ff87a4f8000 	C:\WINDOWS\System32\SHELL32.dll
0x00007ff878270000 - 0x00007ff87894a000 	C:\WINDOWS\System32\windows.storage.dll
0x00007ff877ee0000 - 0x00007ff877f2c000 	C:\WINDOWS\System32\powrprof.dll
0x00007ff87adc0000 - 0x00007ff87ae12000 	C:\WINDOWS\System32\shlwapi.dll
0x00007ff877f40000 - 0x00007ff877f4f000 	C:\WINDOWS\System32\kernel.appcore.dll
0x00007ff877f50000 - 0x00007ff877ff9000 	C:\WINDOWS\System32\shcore.dll
0x00007ff877ec0000 - 0x00007ff877ed4000 	C:\WINDOWS\System32\profapi.dll
0x0000000056630000 - 0x000000005664a000 	C:\Program Files\Java\jdk1.8.0_121\jre\bin\net.dll
0x00007ff8777f0000 - 0x00007ff87784c000 	C:\WINDOWS\system32\mswsock.dll
0x0000000056610000 - 0x0000000056621000 	C:\Program Files\Java\jdk1.8.0_121\jre\bin\nio.dll
0x00007ff875900000 - 0x00007ff875912000 	C:\Users\razack\.gradle\native\19\windows-amd64\native-platform.dll
0x00007ff8779a0000 - 0x00007ff8779b7000 	C:\WINDOWS\SYSTEM32\CRYPTSP.dll
0x00007ff8773f0000 - 0x00007ff877423000 	C:\WINDOWS\system32\rsaenh.dll
0x00007ff877aa0000 - 0x00007ff877acb000 	C:\WINDOWS\SYSTEM32\bcrypt.dll
0x00007ff877680000 - 0x00007ff87769f000 	C:\WINDOWS\SYSTEM32\USERENV.dll
0x00007ff877990000 - 0x00007ff87799b000 	C:\WINDOWS\SYSTEM32\CRYPTBASE.dll
0x00007ff877570000 - 0x00007ff8775a8000 	C:\WINDOWS\SYSTEM32\IPHLPAPI.DLL
0x00007ff87a720000 - 0x00007ff87a728000 	C:\WINDOWS\System32\NSI.dll
0x00007ff873540000 - 0x00007ff873556000 	C:\WINDOWS\SYSTEM32\dhcpcsvc6.DLL
0x00007ff873700000 - 0x00007ff87371a000 	C:\WINDOWS\SYSTEM32\dhcpcsvc.DLL
0x0000000056600000 - 0x000000005660d000 	C:\Program Files\Java\jdk1.8.0_121\jre\bin\management.dll

VM Arguments:
jvm_args: -Xmx2048m -Dfile.encoding=windows-1252 -Duser.country=US -Duser.language=en -Duser.variant 
java_command: org.gradle.launcher.daemon.bootstrap.GradleDaemon 2.14.1
java_class_path (initial): C:\Users\razack\.gradle\wrapper\dists\gradle-2.14.1-all\4cj8p00t3e5ni9e8iofg8ghvk7\gradle-2.14.1\lib\gradle-launcher-2.14.1.jar
Launcher Type: SUN_STANDARD

Environment Variables:
JAVA_HOME=C:\Program Files\java\jdk1.8.0_121
CLASSPATH=G:\BloodBank\platforms\android\\gradle\wrapper\gradle-wrapper.jar
PATH=C:\ProgramData\Oracle\Java\javapath;C:\Windows\system32;C:\Windows;C:\Windows\System32\Wbem;C:\Windows\System32\WindowsPowerShell\v1.0\;C:\Program Files (x86)\NVIDIA Corporation\PhysX\Common;C:\Program Files\Git\cmd;C:\Program Files\nodejs\;C:\TDM-GCC-64\bin;C:\WINDOWS\system32;C:\WINDOWS;C:\WINDOWS\System32\Wbem;C:\WINDOWS\System32\WindowsPowerShell\v1.0\;C:\Program Files (x86)\Skype\Phone\;C:\Python27\;C:\Python27\Scripts;C:\Users\razack\AppData\Local\Microsoft\WindowsApps;C:\Program Files (x86)\Microsoft VS Code\bin;C:\Users\razack\AppData\Roaming\npm;C:\Program Files\java\jdk1.8.0_121\bin;C:\Users\razack\AppData\Local\Android\sdk\tools;C:\Users\razack\AppData\Local\Android\sdk\platform-tools
USERNAME=razack
OS=Windows_NT
PROCESSOR_IDENTIFIER=Intel64 Family 6 Model 142 Stepping 9, GenuineIntel



---------------  S Y S T E M  ---------------

OS: Windows 10.0 , 64 bit Build 14393 (10.0.14393.1198)

CPU:total 4 (2 cores per cpu, 2 threads per core) family 6 model 142 stepping 9, cmov, cx8, fxsr, mmx, sse, sse2, sse3, ssse3, sse4.1, sse4.2, popcnt, avx, avx2, aes, clmul, erms, 3dnowpref, lzcnt, ht, tsc, tscinvbit, bmi1, bmi2, adx

Memory: 4k page, physical 8286340k(3606392k free), swap 33452164k(5128k free)

vm_info: Java HotSpot(TM) 64-Bit Server VM (25.121-b13) for windows-amd64 JRE (1.8.0_121-b13), built on Dec 12 2016 18:21:36 by "java_re" with MS VC++ 10.0 (VS2010)

time: Thu Jun 29 19:53:55 2017
elapsed time: 5 seconds (0d 0h 0m 5s)

