#
# There is insufficient memory for the Java Runtime Environment to continue.
# Native memory allocation (malloc) failed to allocate 1914768 bytes for Chunk::new
# Possible reasons:
#   The system is out of physical RAM or swap space
#   In 32 bit mode, the process size limit was hit
# Possible solutions:
#   Reduce memory load on the system
#   Increase physical memory or swap space
#   Check if swap backing store is full
#   Use 64 bit Java on a 64 bit OS
#   Decrease Java heap size (-Xmx/-Xms)
#   Decrease number of Java threads
#   Decrease Java thread stack sizes (-Xss)
#   Set larger code cache with -XX:ReservedCodeCacheSize=
# This output file may be truncated or incomplete.
#
#  Out of Memory Error (allocation.cpp:390), pid=6784, tid=0x0000000000002950
#
# JRE version: Java(TM) SE Runtime Environment (8.0_121-b13) (build 1.8.0_121-b13)
# Java VM: Java HotSpot(TM) 64-Bit Server VM (25.121-b13 mixed mode windows-amd64 compressed oops)
# Failed to write core dump. Minidumps are not enabled by default on client versions of Windows
#

---------------  T H R E A D  ---------------

Current thread (0x00000000174f7800):  JavaThread "C2 CompilerThread1" daemon [_thread_in_native, id=10576, stack(0x0000000018c30000,0x0000000018d30000)]

Stack: [0x0000000018c30000,0x0000000018d30000]
[error occurred during error reporting (printing stack bounds), id 0xc0000005]

Native frames: (J=compiled Java code, j=interpreted, Vv=VM code, C=native code)


Current CompileTask:
C2:   5542 2666   !   4       java.net.URLClassLoader$1::run (63 bytes)


---------------  P R O C E S S  ---------------

Java Threads: ( => current thread )
  0x0000000020123800 
[error occurred during error reporting (printing all threads), id 0xc0000005]

VM state:not at safepoint (normal execution)

VM Mutex/Monitor currently owned by a thread: None

Heap:
 PSYoungGen      total 99840K, used 12667K [0x00000000d5580000, 0x00000000dc180000, 0x0000000100000000)
  eden space 89600K, 14% used [0x00000000d5580000,0x00000000d61deca8,0x00000000dad00000)
  from space 10240K, 0% used [0x00000000dad80000,0x00000000dad80000,0x00000000db780000)
  to   space 8704K, 0% used [0x00000000db900000,0x00000000db900000,0x00000000dc180000)
 ParOldGen       total 66048K, used 15998K [0x0000000080000000, 0x0000000084080000, 0x00000000d5580000)
  object space 66048K, 24% used [0x0000000080000000,0x0000000080f9fa88,0x0000000084080000)
 Metaspace       used 34649K, capacity 35230K, committed 35624K, reserved 1079296K
  class space    used 4725K, capacity 4893K, committed 4992K, reserved 1048576K

Card table byte_map: [0x0000000011c90000,0x00000000120a0000] byte_map_base: 0x0000000011890000

Marking Bits: (ParMarkBitMap*) 0x0000000056ecb6d0
 Begin Bits: [0x0000000012750000, 0x0000000014750000)
 End Bits:   [0x0000000014750000, 0x0000000016750000)

Polling page: 0x0000000000a00000

CodeCache: size=245760Kb used=11547Kb max_used=11547Kb free=234212Kb
 bounds [0x00000000028d0000, 0x0000000003420000, 0x00000000118d0000]
 total_blobs=4017 nmethods=3340 adapters=588
 compilation: enabled

Compilation events (10 events):
Event: 5.447 Thread 0x000000001751c800 3349 %     3       java.math.BigInteger::implSquareToLen @ 81 (154 bytes)
Event: 5.448 Thread 0x000000001751c800 nmethod 3349% 0x0000000003409c50 code [0x0000000003409e20, 0x000000000340a4b8]
Event: 5.448 Thread 0x000000001751c800 3350 %     3       java.math.BigInteger::primitiveLeftShift @ 31 (79 bytes)
Event: 5.448 Thread 0x000000001751c800 nmethod 3350% 0x000000000340aad0 code [0x000000000340ac60, 0x000000000340b010]
Event: 5.448 Thread 0x000000001751c800 3347       2       java.math.BigInteger::montgomerySquare (49 bytes)
Event: 5.449 Thread 0x000000001751c800 nmethod 3347 0x000000000340b2d0 code [0x000000000340b480, 0x000000000340b878]
Event: 5.449 Thread 0x000000001751c800 3348       2       java.math.BigInteger::implMontgomerySquare (19 bytes)
Event: 5.449 Thread 0x000000001751c800 nmethod 3348 0x000000000340bb50 code [0x000000000340bcc0, 0x000000000340bf68]
Event: 5.449 Thread 0x000000001751c800 3352       2       sun.security.util.DerValue::isPrintableStringChar (184 bytes)
Event: 5.449 Thread 0x000000001751c800 nmethod 3352 0x000000000340c110 code [0x000000000340c260, 0x000000000340c430]

GC Heap History (10 events):
Event: 2.133 GC heap after
Heap after GC invocations=4 (full 0):
 PSYoungGen      total 71680K, used 5088K [0x00000000d5580000, 0x00000000da080000, 0x0000000100000000)
  eden space 66560K, 0% used [0x00000000d5580000,0x00000000d5580000,0x00000000d9680000)
  from space 5120K, 99% used [0x00000000d9b80000,0x00000000da078020,0x00000000da080000)
  to   space 5120K, 0% used [0x00000000d9680000,0x00000000d9680000,0x00000000d9b80000)
 ParOldGen       total 87552K, used 7412K [0x0000000080000000, 0x0000000085580000, 0x00000000d5580000)
  object space 87552K, 8% used [0x0000000080000000,0x000000008073d1f0,0x0000000085580000)
 Metaspace       used 20807K, capacity 21156K, committed 21296K, reserved 1067008K
  class space    used 2811K, capacity 2937K, committed 2944K, reserved 1048576K
}
Event: 2.133 GC heap before
{Heap before GC invocations=5 (full 1):
 PSYoungGen      total 71680K, used 5088K [0x00000000d5580000, 0x00000000da080000, 0x0000000100000000)
  eden space 66560K, 0% used [0x00000000d5580000,0x00000000d5580000,0x00000000d9680000)
  from space 5120K, 99% used [0x00000000d9b80000,0x00000000da078020,0x00000000da080000)
  to   space 5120K, 0% used [0x00000000d9680000,0x00000000d9680000,0x00000000d9b80000)
 ParOldGen       total 87552K, used 7412K [0x0000000080000000, 0x0000000085580000, 0x00000000d5580000)
  object space 87552K, 8% used [0x0000000080000000,0x000000008073d1f0,0x0000000085580000)
 Metaspace       used 20807K, capacity 21156K, committed 21296K, reserved 1067008K
  class space    used 2811K, capacity 2937K, committed 2944K, reserved 1048576K
Event: 2.194 GC heap after
Heap after GC invocations=5 (full 1):
 PSYoungGen      total 71680K, used 0K [0x00000000d5580000, 0x00000000da080000, 0x0000000100000000)
  eden space 66560K, 0% used [0x00000000d5580000,0x00000000d5580000,0x00000000d9680000)
  from space 5120K, 0% used [0x00000000d9b80000,0x00000000d9b80000,0x00000000da080000)
  to   space 5120K, 0% used [0x00000000d9680000,0x00000000d9680000,0x00000000d9b80000)
 ParOldGen       total 66048K, used 8201K [0x0000000080000000, 0x0000000084080000, 0x00000000d5580000)
  object space 66048K, 12% used [0x0000000080000000,0x0000000080802780,0x0000000084080000)
 Metaspace       used 20807K, capacity 21156K, committed 21296K, reserved 1067008K
  class space    used 2811K, capacity 2937K, committed 2944K, reserved 1048576K
}
Event: 3.219 GC heap before
{Heap before GC invocations=6 (full 1):
 PSYoungGen      total 71680K, used 66560K [0x00000000d5580000, 0x00000000da080000, 0x0000000100000000)
  eden space 66560K, 100% used [0x00000000d5580000,0x00000000d9680000,0x00000000d9680000)
  from space 5120K, 0% used [0x00000000d9b80000,0x00000000d9b80000,0x00000000da080000)
  to   space 5120K, 0% used [0x00000000d9680000,0x00000000d9680000,0x00000000d9b80000)
 ParOldGen       total 66048K, used 8201K [0x0000000080000000, 0x0000000084080000, 0x00000000d5580000)
  object space 66048K, 12% used [0x0000000080000000,0x0000000080802780,0x0000000084080000)
 Metaspace       used 26178K, capacity 26666K, committed 27008K, reserved 1073152K
  class space    used 3690K, capacity 3855K, committed 3968K, reserved 1048576K
Event: 3.228 GC heap after
Heap after GC invocations=6 (full 1):
 PSYoungGen      total 71680K, used 5097K [0x00000000d5580000, 0x00000000dc280000, 0x0000000100000000)
  eden space 66560K, 0% used [0x00000000d5580000,0x00000000d5580000,0x00000000d9680000)
  from space 5120K, 99% used [0x00000000d9680000,0x00000000d9b7a500,0x00000000d9b80000)
  to   space 9728K, 0% used [0x00000000db900000,0x00000000db900000,0x00000000dc280000)
 ParOldGen       total 66048K, used 10169K [0x0000000080000000, 0x0000000084080000, 0x00000000d5580000)
  object space 66048K, 15% used [0x0000000080000000,0x00000000809ee760,0x0000000084080000)
 Metaspace       used 26178K, capacity 26666K, committed 27008K, reserved 1073152K
  class space    used 3690K, capacity 3855K, committed 3968K, reserved 1048576K
}
Event: 4.928 GC heap before
{Heap before GC invocations=7 (full 1):
 PSYoungGen      total 71680K, used 71657K [0x00000000d5580000, 0x00000000dc280000, 0x0000000100000000)
  eden space 66560K, 100% used [0x00000000d5580000,0x00000000d9680000,0x00000000d9680000)
  from space 5120K, 99% used [0x00000000d9680000,0x00000000d9b7a500,0x00000000d9b80000)
  to   space 9728K, 0% used [0x00000000db900000,0x00000000db900000,0x00000000dc280000)
 ParOldGen       total 66048K, used 10169K [0x0000000080000000, 0x0000000084080000, 0x00000000d5580000)
  object space 66048K, 15% used [0x0000000080000000,0x00000000809ee760,0x0000000084080000)
 Metaspace       used 31007K, capacity 31636K, committed 32128K, reserved 1077248K
  class space    used 4262K, capacity 4406K, committed 4480K, reserved 1048576K
Event: 4.940 GC heap after
Heap after GC invocations=7 (full 1):
 PSYoungGen      total 98304K, used 8256K [0x00000000d5580000, 0x00000000dc180000, 0x0000000100000000)
  eden space 89600K, 0% used [0x00000000d5580000,0x00000000d5580000,0x00000000dad00000)
  from space 8704K, 94% used [0x00000000db900000,0x00000000dc110280,0x00000000dc180000)
  to   space 10240K, 0% used [0x00000000dad80000,0x00000000dad80000,0x00000000db780000)
 ParOldGen       total 66048K, used 10177K [0x0000000080000000, 0x0000000084080000, 0x00000000d5580000)
  object space 66048K, 15% used [0x0000000080000000,0x00000000809f0760,0x0000000084080000)
 Metaspace       used 31007K, capacity 31636K, committed 32128K, reserved 1077248K
  class space    used 4262K, capacity 4406K, committed 4480K, reserved 1048576K
}
Event: 5.451 GC heap before
{Heap before GC invocations=8 (full 1):
 PSYoungGen      total 98304K, used 65510K [0x00000000d5580000, 0x00000000dc180000, 0x0000000100000000)
  eden space 89600K, 63% used [0x00000000d5580000,0x00000000d8d69620,0x00000000dad00000)
  from space 8704K, 94% used [0x00000000db900000,0x00000000dc110280,0x00000000dc180000)
  to   space 10240K, 0% used [0x00000000dad80000,0x00000000dad80000,0x00000000db780000)
 ParOldGen       total 66048K, used 10177K [0x0000000080000000, 0x0000000084080000, 0x00000000d5580000)
  object space 66048K, 15% used [0x0000000080000000,0x00000000809f0760,0x0000000084080000)
 Metaspace       used 34587K, capacity 35134K, committed 35496K, reserved 1079296K
  class space    used 4714K, capacity 4861K, committed 4864K, reserved 1048576K
Event: 5.467 GC heap after
Heap after GC invocations=8 (full 1):
 PSYoungGen      total 99840K, used 9691K [0x00000000d5580000, 0x00000000dc180000, 0x0000000100000000)
  eden space 89600K, 0% used [0x00000000d5580000,0x00000000d5580000,0x00000000dad00000)
  from space 10240K, 94% used [0x00000000dad80000,0x00000000db6f6db8,0x00000000db780000)
  to   space 8704K, 0% used [0x00000000db900000,0x00000000db900000,0x00000000dc180000)
 ParOldGen       total 66048K, used 10185K [0x0000000080000000, 0x0000000084080000, 0x00000000d5580000)
  object space 66048K, 15% used [0x0000000080000000,0x00000000809f2760,0x0000000084080000)
 Metaspace       used 34587K, capacity 35134K, committed 35496K, reserved 1079296K
  class space    used 4714K, capacity 4861K, committed 4864K, reserved 1048576K
}
Event: 5.467 GC heap before
{Heap before GC invocations=9 (full 2):
 PSYoungGen      total 99840K, used 9691K [0x00000000d5580000, 0x00000000dc180000, 0x0000000100000000)
  eden space 89600K, 0% used [0x00000000d5580000,0x00000000d5580000,0x00000000dad00000)
  from space 10240K, 94% used [0x00000000dad80000,0x00000000db6f6db8,0x00000000db780000)
  to   space 8704K, 0% used [0x00000000db900000,0x00000000db900000,0x00000000dc180000)
 ParOldGen       total 66048K, used 10185K [0x0000000080000000, 0x0000000084080000, 0x00000000d5580000)
  object space 66048K, 15% used [0x0000000080000000,0x00000000809f2760,0x0000000084080000)
 Metaspace       used 34587K, capacity 35134K, committed 35496K, reserved 1079296K
  class space    used 4714K, capacity 4861K, committed 4864K, reserved 1048576K

Deoptimization events (10 events):
Event: 4.837 Thread 0x000000001a09d800 Uncommon trap: reason=bimorphic action=maybe_recompile pc=0x00000000032510d0 method=java.security.MessageDigest$Delegate.engineUpdate([BII)V @ 7
Event: 5.077 Thread 0x000000001a09d800 Uncommon trap: reason=unstable_if action=reinterpret pc=0x000000000309feb8 method=java.util.HashMap.putVal(ILjava/lang/Object;Ljava/lang/Object;ZZ)Ljava/lang/Object; @ 162
Event: 5.077 Thread 0x000000001a09d800 Uncommon trap: reason=unstable_if action=reinterpret pc=0x0000000003078068 method=java.util.HashMap.putVal(ILjava/lang/Object;Ljava/lang/Object;ZZ)Ljava/lang/Object; @ 162
Event: 5.078 Thread 0x000000001a09d800 Uncommon trap: reason=unstable_if action=reinterpret pc=0x0000000002bac518 method=java.util.HashMap.resize()[Ljava/util/HashMap$Node; @ 206
Event: 5.350 Thread 0x000000001a09d800 Uncommon trap: reason=bimorphic action=maybe_recompile pc=0x000000000307b314 method=java.util.regex.Pattern$Start.match(Ljava/util/regex/Matcher;ILjava/lang/CharSequence;)Z @ 44
Event: 5.361 Thread 0x000000001a09d800 Uncommon trap: reason=bimorphic action=maybe_recompile pc=0x000000000307b314 method=java.util.regex.Pattern$Start.match(Ljava/util/regex/Matcher;ILjava/lang/CharSequence;)Z @ 44
Event: 5.362 Thread 0x000000001a09d800 Uncommon trap: reason=bimorphic action=maybe_recompile pc=0x000000000307b314 method=java.util.regex.Pattern$Start.match(Ljava/util/regex/Matcher;ILjava/lang/CharSequence;)Z @ 44
Event: 5.364 Thread 0x000000001a09d800 Uncommon trap: reason=bimorphic action=maybe_recompile pc=0x000000000307b314 method=java.util.regex.Pattern$Start.match(Ljava/util/regex/Matcher;ILjava/lang/CharSequence;)Z @ 44
Event: 5.411 Thread 0x000000001a09d800 Uncommon trap: reason=unstable_if action=reinterpret pc=0x000000000323af68 method=java.lang.ThreadLocal.get()Ljava/lang/Object; @ 11
Event: 5.433 Thread 0x000000001a09d800 Uncommon trap: reason=unstable_if action=reinterpret pc=0x0000000002f94bfc method=java.lang.CharacterDataLatin1.isWhitespace(I)Z @ 14

Internal exceptions (10 events):
Event: 4.696 Thread 0x000000001a09d800 Exception <a 'java/lang/ClassNotFoundException': org/gradle/api/internal/project/DefaultProject_DecoratedCustomizer> (0x00000000d84d6470) thrown at [C:\re\workspace\8-2-build-windows-amd64-cygwin\jdk8u121\8372\hotspot\src\share\vm\classfile\systemDictiona
Event: 4.959 Thread 0x000000001a09d800 Exception <a 'java/lang/ClassNotFoundException': org/gradle/api/plugins/BasePluginConventionBeanInfo> (0x00000000d57685a0) thrown at [C:\re\workspace\8-2-build-windows-amd64-cygwin\jdk8u121\8372\hotspot\src\share\vm\classfile\systemDictionary.cpp, line 21
Event: 4.959 Thread 0x000000001a09d800 Exception <a 'java/lang/ClassNotFoundException': org/gradle/api/plugins/BasePluginConventionCustomizer> (0x00000000d579a4c0) thrown at [C:\re\workspace\8-2-build-windows-amd64-cygwin\jdk8u121\8372\hotspot\src\share\vm\classfile\systemDictionary.cpp, line 
Event: 5.214 Thread 0x000000001a09d800 Exception <a 'java/lang/ClassNotFoundException': org/gradle/api/plugins/JavaPluginConventionBeanInfo> (0x00000000d7a32060) thrown at [C:\re\workspace\8-2-build-windows-amd64-cygwin\jdk8u121\8372\hotspot\src\share\vm\classfile\systemDictionary.cpp, line 21
Event: 5.214 Thread 0x000000001a09d800 Exception <a 'java/lang/ClassNotFoundException': org/gradle/api/plugins/JavaPluginConventionCustomizer> (0x00000000d7a63d98) thrown at [C:\re\workspace\8-2-build-windows-amd64-cygwin\jdk8u121\8372\hotspot\src\share\vm\classfile\systemDictionary.cpp, line 
Event: 5.355 Thread 0x000000001a09d800 Exception <a 'java/lang/ClassNotFoundException': com/android/build/gradle/internal/api/DefaultAndroidSourceSet_DecoratedBeanInfo> (0x00000000d85bb540) thrown at [C:\re\workspace\8-2-build-windows-amd64-cygwin\jdk8u121\8372\hotspot\src\share\vm\classfile\s
Event: 5.355 Thread 0x000000001a09d800 Exception <a 'java/lang/ClassNotFoundException': com/android/build/gradle/internal/api/DefaultAndroidSourceSetBeanInfo> (0x00000000d85cfbe8) thrown at [C:\re\workspace\8-2-build-windows-amd64-cygwin\jdk8u121\8372\hotspot\src\share\vm\classfile\systemDicti
Event: 5.356 Thread 0x000000001a09d800 Exception <a 'java/lang/ClassNotFoundException': com/android/build/gradle/internal/api/DefaultAndroidSourceSetCustomizer> (0x00000000d85e4600) thrown at [C:\re\workspace\8-2-build-windows-amd64-cygwin\jdk8u121\8372\hotspot\src\share\vm\classfile\systemDic
Event: 5.357 Thread 0x000000001a09d800 Exception <a 'java/lang/ClassNotFoundException': com/android/build/gradle/internal/api/DefaultAndroidSourceSet_DecoratedCustomizer> (0x00000000d8637ad0) thrown at [C:\re\workspace\8-2-build-windows-amd64-cygwin\jdk8u121\8372\hotspot\src\share\vm\classfile
Event: 5.411 Thread 0x000000001a09d800 Implicit null exception at 0x000000000323ade8 to 0x000000000323af59

Events (10 events):
Event: 5.449 loading class java/security/cert/CertPath done
Event: 5.449 loading class sun/security/provider/certpath/X509CertPath done
Event: 5.450 loading class java/util/Base64
Event: 5.450 loading class java/util/Base64 done
Event: 5.450 loading class java/util/Base64$Decoder
Event: 5.451 loading class java/util/Base64$Decoder done
Event: 5.451 loading class java/util/Base64$Encoder
Event: 5.451 loading class java/util/Base64$Encoder done
Event: 5.451 loading class sun/nio/cs/ISO_8859_1$Encoder
Event: 5.451 Executing VM operation: CollectForMetadataAllocation


Dynamic libraries:
0x00007ff6a6570000 - 0x00007ff6a65a7000 	C:\Program Files\Java\jdk1.8.0_121\bin\java.exe
0x00007ff87ba60000 - 0x00007ff87bc31000 	C:\WINDOWS\SYSTEM32\ntdll.dll
0x00007ff87a730000 - 0x00007ff87a7dc000 	C:\WINDOWS\System32\KERNEL32.DLL
0x00007ff878050000 - 0x00007ff87826d000 	C:\WINDOWS\System32\KERNELBASE.dll
0x00007ff87a660000 - 0x00007ff87a702000 	C:\WINDOWS\System32\ADVAPI32.dll
0x00007ff87a8f0000 - 0x00007ff87a98e000 	C:\WINDOWS\System32\msvcrt.dll
0x00007ff87ad60000 - 0x00007ff87adb9000 	C:\WINDOWS\System32\sechost.dll
0x00007ff87ac30000 - 0x00007ff87ad51000 	C:\WINDOWS\System32\RPCRT4.dll
0x00007ff87b8f0000 - 0x00007ff87ba55000 	C:\WINDOWS\System32\USER32.dll
0x00007ff878ec0000 - 0x00007ff878ede000 	C:\WINDOWS\System32\win32u.dll
0x00007ff87aa60000 - 0x00007ff87aa94000 	C:\WINDOWS\System32\GDI32.dll
0x00007ff8789b0000 - 0x00007ff878b32000 	C:\WINDOWS\System32\gdi32full.dll
0x00007ff8689f0000 - 0x00007ff868c6a000 	C:\WINDOWS\WinSxS\amd64_microsoft.windows.common-controls_6595b64144ccf1df_6.0.14393.953_none_42151e83c686086b\COMCTL32.dll
0x00007ff87ae20000 - 0x00007ff87b0e8000 	C:\WINDOWS\System32\combase.dll
0x00007ff878b40000 - 0x00007ff878c35000 	C:\WINDOWS\System32\ucrtbase.dll
0x00007ff878ee0000 - 0x00007ff878f4a000 	C:\WINDOWS\System32\bcryptPrimitives.dll
0x00007ff87aaa0000 - 0x00007ff87aace000 	C:\WINDOWS\System32\IMM32.DLL
0x0000000056f50000 - 0x0000000057022000 	C:\Program Files\Java\jdk1.8.0_121\jre\bin\msvcr100.dll
0x00000000566b0000 - 0x0000000056f4b000 	C:\Program Files\Java\jdk1.8.0_121\jre\bin\server\jvm.dll
0x00007ff87a710000 - 0x00007ff87a718000 	C:\WINDOWS\System32\PSAPI.DLL
0x00007ff875ed0000 - 0x00007ff875ef3000 	C:\WINDOWS\SYSTEM32\WINMM.dll
0x00007ff875fa0000 - 0x00007ff875fa9000 	C:\WINDOWS\SYSTEM32\WSOCK32.dll
0x00007ff86c150000 - 0x00007ff86c15a000 	C:\WINDOWS\SYSTEM32\VERSION.dll
0x00007ff87a880000 - 0x00007ff87a8ea000 	C:\WINDOWS\System32\WS2_32.dll
0x00007ff875ea0000 - 0x00007ff875ecb000 	C:\WINDOWS\SYSTEM32\WINMMBASE.dll
0x00007ff878000000 - 0x00007ff878042000 	C:\WINDOWS\System32\cfgmgr32.dll
0x00000000566a0000 - 0x00000000566af000 	C:\Program Files\Java\jdk1.8.0_121\jre\bin\verify.dll
0x0000000056670000 - 0x0000000056699000 	C:\Program Files\Java\jdk1.8.0_121\jre\bin\java.dll
0x0000000056650000 - 0x0000000056666000 	C:\Program Files\Java\jdk1.8.0_121\jre\bin\zip.dll
0x00007ff878ff0000 - 0x00007ff87a4f8000 	C:\WINDOWS\System32\SHELL32.dll
0x00007ff878270000 - 0x00007ff87894a000 	C:\WINDOWS\System32\windows.storage.dll
0x00007ff877ee0000 - 0x00007ff877f2c000 	C:\WINDOWS\System32\powrprof.dll
0x00007ff87adc0000 - 0x00007ff87ae12000 	C:\WINDOWS\System32\shlwapi.dll
0x00007ff877f40000 - 0x00007ff877f4f000 	C:\WINDOWS\System32\kernel.appcore.dll
0x00007ff877f50000 - 0x00007ff877ff9000 	C:\WINDOWS\System32\shcore.dll
0x00007ff877ec0000 - 0x00007ff877ed4000 	C:\WINDOWS\System32\profapi.dll
0x0000000056630000 - 0x000000005664a000 	C:\Program Files\Java\jdk1.8.0_121\jre\bin\net.dll
0x00007ff8777f0000 - 0x00007ff87784c000 	C:\WINDOWS\system32\mswsock.dll
0x0000000056610000 - 0x0000000056621000 	C:\Program Files\Java\jdk1.8.0_121\jre\bin\nio.dll
0x00007ff875900000 - 0x00007ff875912000 	C:\Users\razack\.gradle\native\19\windows-amd64\native-platform.dll
0x00007ff8779a0000 - 0x00007ff8779b7000 	C:\WINDOWS\SYSTEM32\CRYPTSP.dll
0x00007ff8773f0000 - 0x00007ff877423000 	C:\WINDOWS\system32\rsaenh.dll
0x00007ff877aa0000 - 0x00007ff877acb000 	C:\WINDOWS\SYSTEM32\bcrypt.dll
0x00007ff877680000 - 0x00007ff87769f000 	C:\WINDOWS\SYSTEM32\USERENV.dll
0x00007ff877990000 - 0x00007ff87799b000 	C:\WINDOWS\SYSTEM32\CRYPTBASE.dll
0x00007ff877570000 - 0x00007ff8775a8000 	C:\WINDOWS\SYSTEM32\IPHLPAPI.DLL
0x00007ff87a720000 - 0x00007ff87a728000 	C:\WINDOWS\System32\NSI.dll
0x00007ff873540000 - 0x00007ff873556000 	C:\WINDOWS\SYSTEM32\dhcpcsvc6.DLL
0x00007ff873700000 - 0x00007ff87371a000 	C:\WINDOWS\SYSTEM32\dhcpcsvc.DLL
0x0000000056600000 - 0x000000005660d000 	C:\Program Files\Java\jdk1.8.0_121\jre\bin\management.dll

VM Arguments:
jvm_args: -Xmx2048m -Dfile.encoding=windows-1252 -Duser.country=US -Duser.language=en -Duser.variant 
java_command: org.gradle.launcher.daemon.bootstrap.GradleDaemon 2.14.1
java_class_path (initial): C:\Users\razack\.gradle\wrapper\dists\gradle-2.14.1-all\4cj8p00t3e5ni9e8iofg8ghvk7\gradle-2.14.1\lib\gradle-launcher-2.14.1.jar
Launcher Type: SUN_STANDARD

Environment Variables:
JAVA_HOME=C:\Program Files\java\jdk1.8.0_121
CLASSPATH=G:\BloodBank\platforms\android\\gradle\wrapper\gradle-wrapper.jar
PATH=C:\ProgramData\Oracle\Java\javapath;C:\Windows\system32;C:\Windows;C:\Windows\System32\Wbem;C:\Windows\System32\WindowsPowerShell\v1.0\;C:\Program Files (x86)\NVIDIA Corporation\PhysX\Common;C:\Program Files\Git\cmd;C:\Program Files\nodejs\;C:\TDM-GCC-64\bin;C:\WINDOWS\system32;C:\WINDOWS;C:\WINDOWS\System32\Wbem;C:\WINDOWS\System32\WindowsPowerShell\v1.0\;C:\Program Files (x86)\Skype\Phone\;C:\Python27\;C:\Python27\Scripts;C:\Users\razack\AppData\Local\Microsoft\WindowsApps;C:\Program Files (x86)\Microsoft VS Code\bin;C:\Users\razack\AppData\Roaming\npm;C:\Program Files\java\jdk1.8.0_121\bin;C:\Users\razack\AppData\Local\Android\sdk\tools;C:\Users\razack\AppData\Local\Android\sdk\platform-tools
USERNAME=razack
OS=Windows_NT
PROCESSOR_IDENTIFIER=Intel64 Family 6 Model 142 Stepping 9, GenuineIntel



---------------  S Y S T E M  ---------------

OS: Windows 10.0 , 64 bit Build 14393 (10.0.14393.1198)

CPU:total 4 (2 cores per cpu, 2 threads per core) family 6 model 142 stepping 9, cmov, cx8, fxsr, mmx, sse, sse2, sse3, ssse3, sse4.1, sse4.2, popcnt, avx, avx2, aes, clmul, erms, 3dnowpref, lzcnt, ht, tsc, tscinvbit, bmi1, bmi2, adx

Memory: 4k page, physical 8286340k(3602524k free), swap 33452164k(5528k free)

vm_info: Java HotSpot(TM) 64-Bit Server VM (25.121-b13) for windows-amd64 JRE (1.8.0_121-b13), built on Dec 12 2016 18:21:36 by "java_re" with MS VC++ 10.0 (VS2010)

time: Thu Jun 29 19:54:43 2017
elapsed time: 5 seconds (0d 0h 0m 5s)

